<?xml version="1.0" encoding="UTF-8"?>
<!-- Generated by org.testng.reporters.JUnitXMLReporter -->
<testsuite ignored="0" hostname="LAPTOP-09C6IB5F" failures="0" tests="1" name="Default test" time="0.042" errors="0" timestamp="2024-05-08T21:07:34 IST">
  <testcase classname="test.LeaveListStatus" name="@BeforeTest launchBrowser" time="-1.715182654516E9">
    <failure type="org.testng.TestNGException" message="
Parameter &amp;apos;browser&amp;apos; is required by BeforeTest on method launchBrowser but has not been marked @Optional or defined
in C:\Users\hp\AppData\Local\Temp\testng-eclipse--843489426\testng-customsuite.xml">
      <![CDATA[org.testng.TestNGException: 
Parameter 'browser' is required by BeforeTest on method launchBrowser but has not been marked @Optional or defined
in C:\Users\hp\AppData\Local\Temp\testng-eclipse--843489426\testng-customsuite.xml
at org.testng.internal.Parameters.createParams(Parameters.java:270)
at org.testng.internal.Parameters.createParametersForMethod(Parameters.java:358)
at org.testng.internal.Parameters.createParameters(Parameters.java:700)
at org.testng.internal.Parameters.createConfigurationParameters(Parameters.java:168)
at org.testng.internal.ConfigInvoker.invokeConfigurations(ConfigInvoker.java:302)
at org.testng.TestRunner.invokeTestConfigurations(TestRunner.java:637)
at org.testng.TestRunner.beforeRun(TestRunner.java:627)
at org.testng.TestRunner.run(TestRunner.java:589)
at org.testng.SuiteRunner.runTest(SuiteRunner.java:377)
at org.testng.SuiteRunner.runSequentially(SuiteRunner.java:371)
at org.testng.SuiteRunner.privateRun(SuiteRunner.java:332)
at org.testng.SuiteRunner.run(SuiteRunner.java:276)
at org.testng.SuiteRunnerWorker.runSuite(SuiteRunnerWorker.java:53)
at org.testng.SuiteRunnerWorker.run(SuiteRunnerWorker.java:96)
at org.testng.TestNG.runSuitesSequentially(TestNG.java:1212)
at org.testng.TestNG.runSuitesLocally(TestNG.java:1134)
at org.testng.TestNG.runSuites(TestNG.java:1063)
at org.testng.TestNG.run(TestNG.java:1031)
at org.testng.remote.AbstractRemoteTestNG.run(AbstractRemoteTestNG.java:115)
at org.testng.remote.RemoteTestNG.initAndRun(RemoteTestNG.java:293)
at org.testng.remote.RemoteTestNG.main(RemoteTestNG.java:91)
]]>
    </failure>
  </testcase> <!-- @BeforeTest launchBrowser -->
  <testcase classname="test.LeaveListStatus" name="@BeforeClass initiallizePOMClasses" time="-1.715182654535E9">
    <skipped/>
  </testcase> <!-- @BeforeClass initiallizePOMClasses -->
  <testcase classname="test.LeaveListStatus" name="@BeforeMethod loginUser" time="-1.715182654544E9">
    <skipped/>
  </testcase> <!-- @BeforeMethod loginUser -->
  <testcase classname="test.LeaveListStatus" name="@AfterMethod takeScreenshotOfFailedTest" time="-1.715182654549E9">
    <skipped/>
  </testcase> <!-- @AfterMethod takeScreenshotOfFailedTest -->
  <testcase classname="test.LeaveListStatus" name="@AfterClass closePOMclasses" time="-1.715182654551E9">
    <skipped/>
  </testcase> <!-- @AfterClass closePOMclasses -->
  <testcase classname="test.LeaveListStatus" name="@AfterTest closeBrowser" time="-1.715182654553E9">
    <skipped/>
  </testcase> <!-- @AfterTest closeBrowser -->
  <testcase classname="test.LeaveListStatus" name="verifyUserCheckLeaveStatusOfEmployees" time="0.0">
    <skipped/>
  </testcase> <!-- verifyUserCheckLeaveStatusOfEmployees -->
</testsuite> <!-- Default test -->
